<?xml version="1.0" encoding="UTF-8"?>
<!-- Generated by org.testng.reporters.JUnitReportReporter -->
<testsuite hostname="LMMISHRA-7410" failures="0" tests="1" name="com.palindrome.testcases.TestPalindrome" time="0.252" errors="0" timestamp="26 Apr 2021 03:12:05 GMT" skipped="0">
  <testcase classname="com.palindrome.testcases.TestPalindrome" name="testPalindromeApp" time="0.252"/>
</testsuite> <!-- com.palindrome.testcases.TestPalindrome -->
