<?xml version="1.0" encoding="UTF-8"?>
<!-- Generated by org.testng.reporters.JUnitReportReporter -->
<testsuite hostname="LMMISHRA-7410" failures="0" tests="2" name="com.palindrome.testcases.TestPalindromeApp" time="0.283" errors="0" timestamp="26 Apr 2021 06:03:26 GMT" skipped="0">
  <testcase classname="com.palindrome.testcases.TestPalindromeApp" name="testPalindrome" time="0.124"/>
  <testcase classname="com.palindrome.testcases.TestPalindromeApp" name="testAnagram" time="0.159"/>
</testsuite> <!-- com.palindrome.testcases.TestPalindromeApp -->
