<?xml version="1.0" encoding="UTF-8"?>
<!-- Generated by org.testng.reporters.JUnitReportReporter -->
<testsuite hostname="LMMISHRA-7410" failures="0" tests="1" name="com.palindrome.testcases.test1" time="6.681" errors="0" timestamp="25 Apr 2021 23:28:19 GMT" skipped="0">
  <testcase classname="com.palindrome.testcases.test1" name="test11" time="6.681"/>
</testsuite> <!-- com.palindrome.testcases.test1 -->
