<?xml version="1.0" encoding="UTF-8"?>
<!-- Generated by org.testng.reporters.JUnitReportReporter -->
<testsuite hostname="LMMISHRA-7410" failures="0" tests="1" name="com.palindrome.testcases.ActivitiesAPITesting" time="4.210" errors="0" timestamp="2021-04-28T13:30:44 IST" skipped="0">
  <testcase classname="com.palindrome.testcases.ActivitiesAPITesting" name="methd1" time="4.210"/>
  <system-out/>
</testsuite> <!-- com.palindrome.testcases.ActivitiesAPITesting -->
